<?xml version="1.0" encoding="UTF-8"?>
<robot generator="Robot 6.1.1 (Python 3.10.2 on win32)" generated="20231116 10:29:25.038" rpa="false" schemaversion="4">
<suite id="s1" name="Tests" source="C:\Users\VP\OneDrive - University of Helsinki\Omat_opiskelut\OhTu\OhTu-Palautusrepositorio\viikko3\hello-robot\src\tests">
<suite id="s1-s1" name="Increase Counter" source="C:\Users\VP\OneDrive - University of Helsinki\Omat_opiskelut\OhTu\OhTu-Palautusrepositorio\viikko3\hello-robot\src\tests\increase_counter.robot">
<test id="s1-s1-t1" name="Increase Counter Once" line="5">
<kw name="Counter Value Should Be" library="CounterLibrary">
<arg>0</arg>
<status status="PASS" starttime="20231116 10:29:25.071" endtime="20231116 10:29:25.071"/>
</kw>
<kw name="Increase Counter" library="CounterLibrary">
<status status="PASS" starttime="20231116 10:29:25.071" endtime="20231116 10:29:25.071"/>
</kw>
<kw name="Counter Value Should Be" library="CounterLibrary">
<arg>1</arg>
<status status="PASS" starttime="20231116 10:29:25.072" endtime="20231116 10:29:25.072"/>
</kw>
<status status="PASS" starttime="20231116 10:29:25.070" endtime="20231116 10:29:25.072"/>
</test>
<test id="s1-s1-t2" name="Increase Counter Many Times" line="10">
<kw name="Counter Value Should Be" library="CounterLibrary">
<arg>0</arg>
<status status="PASS" starttime="20231116 10:29:25.074" endtime="20231116 10:29:25.074"/>
</kw>
<kw name="Increase Counter" library="CounterLibrary">
<status status="PASS" starttime="20231116 10:29:25.075" endtime="20231116 10:29:25.075"/>
</kw>
<kw name="Increase Counter" library="CounterLibrary">
<status status="PASS" starttime="20231116 10:29:25.075" endtime="20231116 10:29:25.075"/>
</kw>
<kw name="Increase Counter" library="CounterLibrary">
<status status="PASS" starttime="20231116 10:29:25.076" endtime="20231116 10:29:25.076"/>
</kw>
<kw name="Counter Value Should Be" library="CounterLibrary">
<arg>3</arg>
<status status="PASS" starttime="20231116 10:29:25.077" endtime="20231116 10:29:25.077"/>
</kw>
<status status="PASS" starttime="20231116 10:29:25.073" endtime="20231116 10:29:25.077"/>
</test>
<test id="s1-s1-t3" name="Increment Counter By Amount" line="17">
<kw name="Counter Value Should Be" library="CounterLibrary">
<arg>0</arg>
<status status="PASS" starttime="20231116 10:29:25.079" endtime="20231116 10:29:25.079"/>
</kw>
<kw name="Increment Counter By" library="CounterLibrary">
<arg>5</arg>
<status status="PASS" starttime="20231116 10:29:25.079" endtime="20231116 10:29:25.080"/>
</kw>
<kw name="Counter Value Should Be" library="CounterLibrary">
<arg>5</arg>
<status status="PASS" starttime="20231116 10:29:25.080" endtime="20231116 10:29:25.080"/>
</kw>
<status status="PASS" starttime="20231116 10:29:25.079" endtime="20231116 10:29:25.080"/>
</test>
<test id="s1-s1-t4" name="Reset Counter After One Increment" line="22">
<kw name="Counter Value Should Be" library="CounterLibrary">
<arg>0</arg>
<status status="PASS" starttime="20231116 10:29:25.082" endtime="20231116 10:29:25.082"/>
</kw>
<kw name="Increase Counter" library="CounterLibrary">
<status status="PASS" starttime="20231116 10:29:25.082" endtime="20231116 10:29:25.082"/>
</kw>
<kw name="Counter Value Should Be" library="CounterLibrary">
<arg>1</arg>
<status status="PASS" starttime="20231116 10:29:25.083" endtime="20231116 10:29:25.083"/>
</kw>
<kw name="Reset Counter" library="CounterLibrary">
<status status="PASS" starttime="20231116 10:29:25.083" endtime="20231116 10:29:25.083"/>
</kw>
<kw name="Counter Value Should Be" library="CounterLibrary">
<arg>0</arg>
<status status="PASS" starttime="20231116 10:29:25.083" endtime="20231116 10:29:25.083"/>
</kw>
<status status="PASS" starttime="20231116 10:29:25.082" endtime="20231116 10:29:25.084"/>
</test>
<test id="s1-s1-t5" name="Reset Counter After Several Increments" line="29">
<kw name="Counter Value Should Be" library="CounterLibrary">
<arg>0</arg>
<status status="PASS" starttime="20231116 10:29:25.085" endtime="20231116 10:29:25.085"/>
</kw>
<kw name="Increment Counter By" library="CounterLibrary">
<arg>5</arg>
<status status="PASS" starttime="20231116 10:29:25.085" endtime="20231116 10:29:25.085"/>
</kw>
<kw name="Counter Value Should Be" library="CounterLibrary">
<arg>5</arg>
<status status="PASS" starttime="20231116 10:29:25.086" endtime="20231116 10:29:25.086"/>
</kw>
<kw name="Reset Counter" library="CounterLibrary">
<status status="PASS" starttime="20231116 10:29:25.086" endtime="20231116 10:29:25.086"/>
</kw>
<kw name="Counter Value Should Be" library="CounterLibrary">
<arg>0</arg>
<status status="PASS" starttime="20231116 10:29:25.086" endtime="20231116 10:29:25.086"/>
</kw>
<status status="PASS" starttime="20231116 10:29:25.085" endtime="20231116 10:29:25.087"/>
</test>
<status status="PASS" starttime="20231116 10:29:25.061" endtime="20231116 10:29:25.089"/>
</suite>
<status status="PASS" starttime="20231116 10:29:25.040" endtime="20231116 10:29:25.090"/>
</suite>
<statistics>
<total>
<stat pass="5" fail="0" skip="0">All Tests</stat>
</total>
<tag>
</tag>
<suite>
<stat pass="5" fail="0" skip="0" id="s1" name="Tests">Tests</stat>
<stat pass="5" fail="0" skip="0" id="s1-s1" name="Increase Counter">Tests.Increase Counter</stat>
</suite>
</statistics>
<errors>
</errors>
</robot>
